# JRE version: Java(TM) SE Runtime Environment (8.0_66-b18) (build 1.8.0_66-b18)
# Java VM: Java HotSpot(TM) 64-Bit Server VM (25.66-b18 mixed mode windows-amd64 compressed oops)
Heap:
 PSYoungGen      total 84480K, used 34746K [0x00000000f5580000, 0x00000000fc580000, 0x0000000100000000)
  eden space 82944K, 41% used [0x00000000f5580000,0x00000000f776ea28,0x00000000fa680000)
  from space 1536K, 0% used [0x00000000fa680000,0x00000000fa680000,0x00000000fa800000)
  to   space 15872K, 0% used [0x00000000fb600000,0x00000000fb600000,0x00000000fc580000)
 ParOldGen       total 84992K, used 46965K [0x00000000e0000000, 0x00000000e5300000, 0x00000000f5580000)
  object space 84992K, 55% used [0x00000000e0000000,0x00000000e2ddd498,0x00000000e5300000)
 Metaspace       used 85913K, capacity 92828K, committed 92952K, reserved 1130496K
  class space    used 10310K, capacity 12551K, committed 12592K, reserved 1048576K
GC Heap History (10 events):
Event: 966.498 GC heap before
{Heap before GC invocations=40 (full 13):
 PSYoungGen      total 84992K, used 1753K [0x00000000f5580000, 0x00000000fc880000, 0x0000000100000000)
  eden space 82944K, 0% used [0x00000000f5580000,0x00000000f5580000,0x00000000fa680000)
  from space 2048K, 85% used [0x00000000fa680000,0x00000000fa836780,0x00000000fa880000)
  to   space 17408K, 0% used [0x00000000fb780000,0x00000000fb780000,0x00000000fc880000)
 ParOldGen       total 84992K, used 46163K [0x00000000e0000000, 0x00000000e5300000, 0x00000000f5580000)
  object space 84992K, 54% used [0x00000000e0000000,0x00000000e2d14c20,0x00000000e5300000)
 Metaspace       used 84029K, capacity 91152K, committed 91416K, reserved 1128448K
  class space    used 10079K, capacity 12279K, committed 12336K, reserved 1048576K
Event: 967.241 GC heap after
Heap after GC invocations=40 (full 13):
 PSYoungGen      total 84992K, used 0K [0x00000000f5580000, 0x00000000fc880000, 0x0000000100000000)
  eden space 82944K, 0% used [0x00000000f5580000,0x00000000f5580000,0x00000000fa680000)
  from space 2048K, 0% used [0x00000000fa680000,0x00000000fa680000,0x00000000fa880000)
  to   space 17408K, 0% used [0x00000000fb780000,0x00000000fb780000,0x00000000fc880000)
 ParOldGen       total 84992K, used 47497K [0x00000000e0000000, 0x00000000e5300000, 0x00000000f5580000)
  object space 84992K, 55% used [0x00000000e0000000,0x00000000e2e62410,0x00000000e5300000)
 Metaspace       used 84029K, capacity 91152K, committed 91416K, reserved 1128448K
  class space    used 10079K, capacity 12279K, committed 12336K, reserved 1048576K
}
Event: 1035.956 GC heap before
{Heap before GC invocations=41 (full 13):
 PSYoungGen      total 84992K, used 65255K [0x00000000f5580000, 0x00000000fc880000, 0x0000000100000000)
  eden space 82944K, 78% used [0x00000000f5580000,0x00000000f9539c98,0x00000000fa680000)
  from space 2048K, 0% used [0x00000000fa680000,0x00000000fa680000,0x00000000fa880000)
  to   space 17408K, 0% used [0x00000000fb780000,0x00000000fb780000,0x00000000fc880000)
 ParOldGen       total 84992K, used 47497K [0x00000000e0000000, 0x00000000e5300000, 0x00000000f5580000)
  object space 84992K, 55% used [0x00000000e0000000,0x00000000e2e62410,0x00000000e5300000)
 Metaspace       used 84839K, capacity 92014K, committed 92312K, reserved 1128448K
  class space    used 10201K, capacity 12416K, committed 12464K, reserved 1048576K
Event: 1036.090 GC heap after
Heap after GC invocations=41 (full 13):
 PSYoungGen      total 98304K, used 2270K [0x00000000f5580000, 0x00000000fc680000, 0x0000000100000000)
  eden space 82944K, 0% used [0x00000000f5580000,0x00000000f5580000,0x00000000fa680000)
  from space 15360K, 14% used [0x00000000fb780000,0x00000000fb9b7878,0x00000000fc680000)
  to   space 16384K, 0% used [0x00000000fa680000,0x00000000fa680000,0x00000000fb680000)
 ParOldGen       total 84992K, used 47505K [0x00000000e0000000, 0x00000000e5300000, 0x00000000f5580000)
  object space 84992K, 55% used [0x00000000e0000000,0x00000000e2e64410,0x00000000e5300000)
 Metaspace       used 84839K, capacity 92014K, committed 92312K, reserved 1128448K
  class space    used 10201K, capacity 12416K, committed 12464K, reserved 1048576K
}
Event: 1036.091 GC heap before
{Heap before GC invocations=42 (full 14):
 PSYoungGen      total 98304K, used 2270K [0x00000000f5580000, 0x00000000fc680000, 0x0000000100000000)
  eden space 82944K, 0% used [0x00000000f5580000,0x00000000f5580000,0x00000000fa680000)
  from space 15360K, 14% used [0x00000000fb780000,0x00000000fb9b7878,0x00000000fc680000)
  to   space 16384K, 0% used [0x00000000fa680000,0x00000000fa680000,0x00000000fb680000)
 ParOldGen       total 84992K, used 47505K [0x00000000e0000000, 0x00000000e5300000, 0x00000000f5580000)
  object space 84992K, 55% used [0x00000000e0000000,0x00000000e2e64410,0x00000000e5300000)
 Metaspace       used 84839K, capacity 92014K, committed 92312K, reserved 1128448K
  class space    used 10201K, capacity 12416K, committed 12464K, reserved 1048576K
Event: 1036.956 GC heap after
Heap after GC invocations=42 (full 14):
 PSYoungGen      total 98304K, used 0K [0x00000000f5580000, 0x00000000fc680000, 0x0000000100000000)
  eden space 82944K, 0% used [0x00000000f5580000,0x00000000f5580000,0x00000000fa680000)
  from space 15360K, 0% used [0x00000000fb780000,0x00000000fb780000,0x00000000fc680000)
  to   space 16384K, 0% used [0x00000000fa680000,0x00000000fa680000,0x00000000fb680000)
 ParOldGen       total 84992K, used 47567K [0x00000000e0000000, 0x00000000e5300000, 0x00000000f5580000)
  object space 84992K, 55% used [0x00000000e0000000,0x00000000e2e73f18,0x00000000e5300000)
 Metaspace       used 84839K, capacity 92014K, committed 92312K, reserved 1128448K
  class space    used 10201K, capacity 12416K, committed 12464K, reserved 1048576K
}
Event: 1096.142 GC heap before
{Heap before GC invocations=43 (full 14):
 PSYoungGen      total 98304K, used 50048K [0x00000000f5580000, 0x00000000fc680000, 0x0000000100000000)
  eden space 82944K, 60% used [0x00000000f5580000,0x00000000f8660148,0x00000000fa680000)
  from space 15360K, 0% used [0x00000000fb780000,0x00000000fb780000,0x00000000fc680000)
  to   space 16384K, 0% used [0x00000000fa680000,0x00000000fa680000,0x00000000fb680000)
 ParOldGen       total 84992K, used 47567K [0x00000000e0000000, 0x00000000e5300000, 0x00000000f5580000)
  object space 84992K, 55% used [0x00000000e0000000,0x00000000e2e73f18,0x00000000e5300000)
 Metaspace       used 84972K, capacity 92102K, committed 92312K, reserved 1128448K
  class space    used 10204K, capacity 12420K, committed 12464K, reserved 1048576K
Event: 1096.155 GC heap after
Heap after GC invocations=43 (full 14):
 PSYoungGen      total 84480K, used 1319K [0x00000000f5580000, 0x00000000fc580000, 0x0000000100000000)
  eden space 82944K, 0% used [0x00000000f5580000,0x00000000f5580000,0x00000000fa680000)
  from space 1536K, 85% used [0x00000000fa680000,0x00000000fa7c9c60,0x00000000fa800000)
  to   space 15872K, 0% used [0x00000000fb600000,0x00000000fb600000,0x00000000fc580000)
 ParOldGen       total 84992K, used 47567K [0x00000000e0000000, 0x00000000e5300000, 0x00000000f5580000)
  object space 84992K, 55% used [0x00000000e0000000,0x00000000e2e73f18,0x00000000e5300000)
 Metaspace       used 84972K, capacity 92102K, committed 92312K, reserved 1128448K
  class space    used 10204K, capacity 12420K, committed 12464K, reserved 1048576K
}
Event: 1096.155 GC heap before
{Heap before GC invocations=44 (full 15):
 PSYoungGen      total 84480K, used 1319K [0x00000000f5580000, 0x00000000fc580000, 0x0000000100000000)
  eden space 82944K, 0% used [0x00000000f5580000,0x00000000f5580000,0x00000000fa680000)
  from space 1536K, 85% used [0x00000000fa680000,0x00000000fa7c9c60,0x00000000fa800000)
  to   space 15872K, 0% used [0x00000000fb600000,0x00000000fb600000,0x00000000fc580000)
 ParOldGen       total 84992K, used 47567K [0x00000000e0000000, 0x00000000e5300000, 0x00000000f5580000)
  object space 84992K, 55% used [0x00000000e0000000,0x00000000e2e73f18,0x00000000e5300000)
 Metaspace       used 84972K, capacity 92102K, committed 92312K, reserved 1128448K
  class space    used 10204K, capacity 12420K, committed 12464K, reserved 1048576K
Event: 1096.832 GC heap after
Heap after GC invocations=44 (full 15):
 PSYoungGen      total 84480K, used 0K [0x00000000f5580000, 0x00000000fc580000, 0x0000000100000000)
  eden space 82944K, 0% used [0x00000000f5580000,0x00000000f5580000,0x00000000fa680000)
  from space 1536K, 0% used [0x00000000fa680000,0x00000000fa680000,0x00000000fa800000)
  to   space 15872K, 0% used [0x00000000fb600000,0x00000000fb600000,0x00000000fc580000)
 ParOldGen       total 84992K, used 46965K [0x00000000e0000000, 0x00000000e5300000, 0x00000000f5580000)
  object space 84992K, 55% used [0x00000000e0000000,0x00000000e2ddd498,0x00000000e5300000)
 Metaspace       used 84972K, capacity 92102K, committed 92312K, reserved 1128448K
  class space    used 10204K, capacity 12420K, committed 12464K, reserved 1048576K
}

