# JRE version: Java(TM) SE Runtime Environment (8.0_66-b18) (build 1.8.0_66-b18)
# Java VM: Java HotSpot(TM) 64-Bit Server VM (25.66-b18 mixed mode windows-amd64 compressed oops)
Heap:
 PSYoungGen      total 92672K, used 36095K [0x00000000f5580000, 0x00000000fc400000, 0x0000000100000000)
  eden space 72192K, 49% used [0x00000000f5580000,0x00000000f78bfd20,0x00000000f9c00000)
  from space 20480K, 0% used [0x00000000fb000000,0x00000000fb000000,0x00000000fc400000)
  to   space 20480K, 0% used [0x00000000f9c00000,0x00000000f9c00000,0x00000000fb000000)
 ParOldGen       total 109056K, used 40927K [0x00000000e0000000, 0x00000000e6a80000, 0x00000000f5580000)
  object space 109056K, 37% used [0x00000000e0000000,0x00000000e27f7fc8,0x00000000e6a80000)
 Metaspace       used 67473K, capacity 73756K, committed 74008K, reserved 1114112K
  class space    used 8161K, capacity 10261K, committed 10288K, reserved 1048576K
GC Heap History (10 events):
Event: 67.723 GC heap before
{Heap before GC invocations=13 (full 3):
 PSYoungGen      total 81920K, used 62976K [0x00000000f5580000, 0x00000000fc480000, 0x0000000100000000)
  eden space 62976K, 100% used [0x00000000f5580000,0x00000000f9300000,0x00000000f9300000)
  from space 18944K, 0% used [0x00000000f9300000,0x00000000f9300000,0x00000000fa580000)
  to   space 19968K, 0% used [0x00000000fb100000,0x00000000fb100000,0x00000000fc480000)
 ParOldGen       total 109056K, used 39387K [0x00000000e0000000, 0x00000000e6a80000, 0x00000000f5580000)
  object space 109056K, 36% used [0x00000000e0000000,0x00000000e2676e20,0x00000000e6a80000)
 Metaspace       used 64379K, capacity 70348K, committed 70552K, reserved 1110016K
  class space    used 7857K, capacity 9845K, committed 9904K, reserved 1048576K
Event: 67.758 GC heap after
Heap after GC invocations=13 (full 3):
 PSYoungGen      total 91648K, used 14356K [0x00000000f5580000, 0x00000000fc400000, 0x0000000100000000)
  eden space 72192K, 0% used [0x00000000f5580000,0x00000000f5580000,0x00000000f9c00000)
  from space 19456K, 73% used [0x00000000fb100000,0x00000000fbf051a0,0x00000000fc400000)
  to   space 20480K, 0% used [0x00000000f9c00000,0x00000000f9c00000,0x00000000fb000000)
 ParOldGen       total 109056K, used 39395K [0x00000000e0000000, 0x00000000e6a80000, 0x00000000f5580000)
  object space 109056K, 36% used [0x00000000e0000000,0x00000000e2678e20,0x00000000e6a80000)
 Metaspace       used 64379K, capacity 70348K, committed 70552K, reserved 1110016K
  class space    used 7857K, capacity 9845K, committed 9904K, reserved 1048576K
}
Event: 78.854 GC heap before
{Heap before GC invocations=14 (full 3):
 PSYoungGen      total 91648K, used 16818K [0x00000000f5580000, 0x00000000fc400000, 0x0000000100000000)
  eden space 72192K, 3% used [0x00000000f5580000,0x00000000f57e7a30,0x00000000f9c00000)
  from space 19456K, 73% used [0x00000000fb100000,0x00000000fbf051a0,0x00000000fc400000)
  to   space 20480K, 0% used [0x00000000f9c00000,0x00000000f9c00000,0x00000000fb000000)
 ParOldGen       total 109056K, used 39395K [0x00000000e0000000, 0x00000000e6a80000, 0x00000000f5580000)
  object space 109056K, 36% used [0x00000000e0000000,0x00000000e2678e20,0x00000000e6a80000)
 Metaspace       used 64519K, capacity 70508K, committed 70552K, reserved 1110016K
  class space    used 7877K, capacity 9877K, committed 9904K, reserved 1048576K
Event: 78.885 GC heap after
Heap after GC invocations=14 (full 3):
 PSYoungGen      total 92672K, used 6376K [0x00000000f5580000, 0x00000000fc400000, 0x0000000100000000)
  eden space 72192K, 0% used [0x00000000f5580000,0x00000000f5580000,0x00000000f9c00000)
  from space 20480K, 31% used [0x00000000f9c00000,0x00000000fa23a2a0,0x00000000fb000000)
  to   space 20480K, 0% used [0x00000000fb000000,0x00000000fb000000,0x00000000fc400000)
 ParOldGen       total 109056K, used 39403K [0x00000000e0000000, 0x00000000e6a80000, 0x00000000f5580000)
  object space 109056K, 36% used [0x00000000e0000000,0x00000000e267ae20,0x00000000e6a80000)
 Metaspace       used 64519K, capacity 70508K, committed 70552K, reserved 1110016K
  class space    used 7877K, capacity 9877K, committed 9904K, reserved 1048576K
}
Event: 78.885 GC heap before
{Heap before GC invocations=15 (full 4):
 PSYoungGen      total 92672K, used 6376K [0x00000000f5580000, 0x00000000fc400000, 0x0000000100000000)
  eden space 72192K, 0% used [0x00000000f5580000,0x00000000f5580000,0x00000000f9c00000)
  from space 20480K, 31% used [0x00000000f9c00000,0x00000000fa23a2a0,0x00000000fb000000)
  to   space 20480K, 0% used [0x00000000fb000000,0x00000000fb000000,0x00000000fc400000)
 ParOldGen       total 109056K, used 39403K [0x00000000e0000000, 0x00000000e6a80000, 0x00000000f5580000)
  object space 109056K, 36% used [0x00000000e0000000,0x00000000e267ae20,0x00000000e6a80000)
 Metaspace       used 64519K, capacity 70508K, committed 70552K, reserved 1110016K
  class space    used 7877K, capacity 9877K, committed 9904K, reserved 1048576K
Event: 79.664 GC heap after
Heap after GC invocations=15 (full 4):
 PSYoungGen      total 92672K, used 0K [0x00000000f5580000, 0x00000000fc400000, 0x0000000100000000)
  eden space 72192K, 0% used [0x00000000f5580000,0x00000000f5580000,0x00000000f9c00000)
  from space 20480K, 0% used [0x00000000f9c00000,0x00000000f9c00000,0x00000000fb000000)
  to   space 20480K, 0% used [0x00000000fb000000,0x00000000fb000000,0x00000000fc400000)
 ParOldGen       total 109056K, used 39478K [0x00000000e0000000, 0x00000000e6a80000, 0x00000000f5580000)
  object space 109056K, 36% used [0x00000000e0000000,0x00000000e268db48,0x00000000e6a80000)
 Metaspace       used 64519K, capacity 70508K, committed 70552K, reserved 1110016K
  class space    used 7877K, capacity 9877K, committed 9904K, reserved 1048576K
}
Event: 138.864 GC heap before
{Heap before GC invocations=16 (full 4):
 PSYoungGen      total 92672K, used 36861K [0x00000000f5580000, 0x00000000fc400000, 0x0000000100000000)
  eden space 72192K, 51% used [0x00000000f5580000,0x00000000f797f630,0x00000000f9c00000)
  from space 20480K, 0% used [0x00000000f9c00000,0x00000000f9c00000,0x00000000fb000000)
  to   space 20480K, 0% used [0x00000000fb000000,0x00000000fb000000,0x00000000fc400000)
 ParOldGen       total 109056K, used 39478K [0x00000000e0000000, 0x00000000e6a80000, 0x00000000f5580000)
  object space 109056K, 36% used [0x00000000e0000000,0x00000000e268db48,0x00000000e6a80000)
 Metaspace       used 65779K, capacity 71966K, committed 72088K, reserved 1112064K
  class space    used 8015K, capacity 10057K, committed 10160K, reserved 1048576K
Event: 138.891 GC heap after
Heap after GC invocations=16 (full 4):
 PSYoungGen      total 92672K, used 2074K [0x00000000f5580000, 0x00000000fc400000, 0x0000000100000000)
  eden space 72192K, 0% used [0x00000000f5580000,0x00000000f5580000,0x00000000f9c00000)
  from space 20480K, 10% used [0x00000000fb000000,0x00000000fb206908,0x00000000fc400000)
  to   space 20480K, 0% used [0x00000000f9c00000,0x00000000f9c00000,0x00000000fb000000)
 ParOldGen       total 109056K, used 39486K [0x00000000e0000000, 0x00000000e6a80000, 0x00000000f5580000)
  object space 109056K, 36% used [0x00000000e0000000,0x00000000e268fb48,0x00000000e6a80000)
 Metaspace       used 65779K, capacity 71966K, committed 72088K, reserved 1112064K
  class space    used 8015K, capacity 10057K, committed 10160K, reserved 1048576K
}
Event: 138.892 GC heap before
{Heap before GC invocations=17 (full 5):
 PSYoungGen      total 92672K, used 2074K [0x00000000f5580000, 0x00000000fc400000, 0x0000000100000000)
  eden space 72192K, 0% used [0x00000000f5580000,0x00000000f5580000,0x00000000f9c00000)
  from space 20480K, 10% used [0x00000000fb000000,0x00000000fb206908,0x00000000fc400000)
  to   space 20480K, 0% used [0x00000000f9c00000,0x00000000f9c00000,0x00000000fb000000)
 ParOldGen       total 109056K, used 39486K [0x00000000e0000000, 0x00000000e6a80000, 0x00000000f5580000)
  object space 109056K, 36% used [0x00000000e0000000,0x00000000e268fb48,0x00000000e6a80000)
 Metaspace       used 65779K, capacity 71966K, committed 72088K, reserved 1112064K
  class space    used 8015K, capacity 10057K, committed 10160K, reserved 1048576K
Event: 139.614 GC heap after
Heap after GC invocations=17 (full 5):
 PSYoungGen      total 92672K, used 0K [0x00000000f5580000, 0x00000000fc400000, 0x0000000100000000)
  eden space 72192K, 0% used [0x00000000f5580000,0x00000000f5580000,0x00000000f9c00000)
  from space 20480K, 0% used [0x00000000fb000000,0x00000000fb000000,0x00000000fc400000)
  to   space 20480K, 0% used [0x00000000f9c00000,0x00000000f9c00000,0x00000000fb000000)
 ParOldGen       total 109056K, used 40927K [0x00000000e0000000, 0x00000000e6a80000, 0x00000000f5580000)
  object space 109056K, 37% used [0x00000000e0000000,0x00000000e27f7fc8,0x00000000e6a80000)
 Metaspace       used 65779K, capacity 71966K, committed 72088K, reserved 1112064K
  class space    used 8015K, capacity 10057K, committed 10160K, reserved 1048576K
}

