# JRE version: Java(TM) SE Runtime Environment (8.0_66-b18) (build 1.8.0_66-b18)
# Java VM: Java HotSpot(TM) 64-Bit Server VM (25.66-b18 mixed mode windows-amd64 compressed oops)
Heap:
 PSYoungGen      total 168448K, used 23425K [0x00000000f5580000, 0x0000000100000000, 0x0000000100000000)
  eden space 165888K, 13% used [0x00000000f5580000,0x00000000f6abe598,0x00000000ff780000)
  from space 2560K, 65% used [0x00000000ffa80000,0x00000000ffc22038,0x00000000ffd00000)
  to   space 3072K, 0% used [0x00000000ff780000,0x00000000ff780000,0x00000000ffa80000)
 ParOldGen       total 99328K, used 53625K [0x00000000e0000000, 0x00000000e6100000, 0x00000000f5580000)
  object space 99328K, 53% used [0x00000000e0000000,0x00000000e345e778,0x00000000e6100000)
 Metaspace       used 97576K, capacity 105264K, committed 105496K, reserved 1140736K
  class space    used 11531K, capacity 14041K, committed 14128K, reserved 1048576K
GC Heap History (10 events):
Event: 3729.805 GC heap before
{Heap before GC invocations=125 (full 45):
 PSYoungGen      total 172032K, used 171025K [0x00000000f5580000, 0x0000000100000000, 0x0000000100000000)
  eden space 169472K, 100% used [0x00000000f5580000,0x00000000ffb00000,0x00000000ffb00000)
  from space 2560K, 60% used [0x00000000ffb00000,0x00000000ffc84738,0x00000000ffd80000)
  to   space 2560K, 0% used [0x00000000ffd80000,0x00000000ffd80000,0x0000000100000000)
 ParOldGen       total 99328K, used 53609K [0x00000000e0000000, 0x00000000e6100000, 0x00000000f5580000)
  object space 99328K, 53% used [0x00000000e0000000,0x00000000e345a778,0x00000000e6100000)
 Metaspace       used 96611K, capacity 104432K, committed 104600K, reserved 1140736K
  class space    used 11426K, capacity 13877K, committed 14000K, reserved 1048576K
Event: 3729.930 GC heap after
Heap after GC invocations=125 (full 45):
 PSYoungGen      total 172032K, used 1431K [0x00000000f5580000, 0x0000000100000000, 0x0000000100000000)
  eden space 169472K, 0% used [0x00000000f5580000,0x00000000f5580000,0x00000000ffb00000)
  from space 2560K, 55% used [0x00000000ffd80000,0x00000000ffee5e58,0x0000000100000000)
  to   space 2560K, 0% used [0x00000000ffb00000,0x00000000ffb00000,0x00000000ffd80000)
 ParOldGen       total 99328K, used 53617K [0x00000000e0000000, 0x00000000e6100000, 0x00000000f5580000)
  object space 99328K, 53% used [0x00000000e0000000,0x00000000e345c778,0x00000000e6100000)
 Metaspace       used 96611K, capacity 104432K, committed 104600K, reserved 1140736K
  class space    used 11426K, capacity 13877K, committed 14000K, reserved 1048576K
}
Event: 3788.061 GC heap before
{Heap before GC invocations=126 (full 45):
 PSYoungGen      total 172032K, used 170903K [0x00000000f5580000, 0x0000000100000000, 0x0000000100000000)
  eden space 169472K, 100% used [0x00000000f5580000,0x00000000ffb00000,0x00000000ffb00000)
  from space 2560K, 55% used [0x00000000ffd80000,0x00000000ffee5e58,0x0000000100000000)
  to   space 2560K, 0% used [0x00000000ffb00000,0x00000000ffb00000,0x00000000ffd80000)
 ParOldGen       total 99328K, used 53617K [0x00000000e0000000, 0x00000000e6100000, 0x00000000f5580000)
  object space 99328K, 53% used [0x00000000e0000000,0x00000000e345c778,0x00000000e6100000)
 Metaspace       used 96611K, capacity 104432K, committed 104600K, reserved 1140736K
  class space    used 11426K, capacity 13877K, committed 14000K, reserved 1048576K
Event: 3788.093 GC heap after
Heap after GC invocations=126 (full 45):
 PSYoungGen      total 164864K, used 1457K [0x00000000f5580000, 0x00000000ffe00000, 0x0000000100000000)
  eden space 163328K, 0% used [0x00000000f5580000,0x00000000f5580000,0x00000000ff500000)
  from space 1536K, 94% used [0x00000000ffb00000,0x00000000ffc6c738,0x00000000ffc80000)
  to   space 1536K, 0% used [0x00000000ffc80000,0x00000000ffc80000,0x00000000ffe00000)
 ParOldGen       total 99328K, used 53617K [0x00000000e0000000, 0x00000000e6100000, 0x00000000f5580000)
  object space 99328K, 53% used [0x00000000e0000000,0x00000000e345c778,0x00000000e6100000)
 Metaspace       used 96611K, capacity 104432K, committed 104600K, reserved 1140736K
  class space    used 11426K, capacity 13877K, committed 14000K, reserved 1048576K
}
Event: 3842.757 GC heap before
{Heap before GC invocations=127 (full 45):
 PSYoungGen      total 164864K, used 164785K [0x00000000f5580000, 0x00000000ffe00000, 0x0000000100000000)
  eden space 163328K, 100% used [0x00000000f5580000,0x00000000ff500000,0x00000000ff500000)
  from space 1536K, 94% used [0x00000000ffb00000,0x00000000ffc6c738,0x00000000ffc80000)
  to   space 1536K, 0% used [0x00000000ffc80000,0x00000000ffc80000,0x00000000ffe00000)
 ParOldGen       total 99328K, used 53617K [0x00000000e0000000, 0x00000000e6100000, 0x00000000f5580000)
  object space 99328K, 53% used [0x00000000e0000000,0x00000000e345c778,0x00000000e6100000)
 Metaspace       used 96612K, capacity 104432K, committed 104600K, reserved 1140736K
  class space    used 11426K, capacity 13877K, committed 14000K, reserved 1048576K
Event: 3842.965 GC heap after
Heap after GC invocations=127 (full 45):
 PSYoungGen      total 158720K, used 1457K [0x00000000f5580000, 0x00000000ffe00000, 0x0000000100000000)
  eden space 157184K, 0% used [0x00000000f5580000,0x00000000f5580000,0x00000000fef00000)
  from space 1536K, 94% used [0x00000000ffc80000,0x00000000ffdec738,0x00000000ffe00000)
  to   space 2560K, 0% used [0x00000000ff900000,0x00000000ff900000,0x00000000ffb80000)
 ParOldGen       total 99328K, used 53617K [0x00000000e0000000, 0x00000000e6100000, 0x00000000f5580000)
  object space 99328K, 53% used [0x00000000e0000000,0x00000000e345c778,0x00000000e6100000)
 Metaspace       used 96612K, capacity 104432K, committed 104600K, reserved 1140736K
  class space    used 11426K, capacity 13877K, committed 14000K, reserved 1048576K
}
Event: 3896.300 GC heap before
{Heap before GC invocations=128 (full 45):
 PSYoungGen      total 158720K, used 158641K [0x00000000f5580000, 0x00000000ffe00000, 0x0000000100000000)
  eden space 157184K, 100% used [0x00000000f5580000,0x00000000fef00000,0x00000000fef00000)
  from space 1536K, 94% used [0x00000000ffc80000,0x00000000ffdec738,0x00000000ffe00000)
  to   space 2560K, 0% used [0x00000000ff900000,0x00000000ff900000,0x00000000ffb80000)
 ParOldGen       total 99328K, used 53617K [0x00000000e0000000, 0x00000000e6100000, 0x00000000f5580000)
  object space 99328K, 53% used [0x00000000e0000000,0x00000000e345c778,0x00000000e6100000)
 Metaspace       used 96753K, capacity 104496K, committed 104856K, reserved 1140736K
  class space    used 11442K, capacity 13877K, committed 14000K, reserved 1048576K
Event: 3897.346 GC heap after
Heap after GC invocations=128 (full 45):
 PSYoungGen      total 165888K, used 1408K [0x00000000f5580000, 0x00000000ffd00000, 0x0000000100000000)
  eden space 164352K, 0% used [0x00000000f5580000,0x00000000f5580000,0x00000000ff600000)
  from space 1536K, 91% used [0x00000000ff900000,0x00000000ffa60010,0x00000000ffa80000)
  to   space 2560K, 0% used [0x00000000ffa80000,0x00000000ffa80000,0x00000000ffd00000)
 ParOldGen       total 99328K, used 53617K [0x00000000e0000000, 0x00000000e6100000, 0x00000000f5580000)
  object space 99328K, 53% used [0x00000000e0000000,0x00000000e345c778,0x00000000e6100000)
 Metaspace       used 96753K, capacity 104496K, committed 104856K, reserved 1140736K
  class space    used 11442K, capacity 13877K, committed 14000K, reserved 1048576K
}
Event: 3965.863 GC heap before
{Heap before GC invocations=129 (full 45):
 PSYoungGen      total 165888K, used 165760K [0x00000000f5580000, 0x00000000ffd00000, 0x0000000100000000)
  eden space 164352K, 100% used [0x00000000f5580000,0x00000000ff600000,0x00000000ff600000)
  from space 1536K, 91% used [0x00000000ff900000,0x00000000ffa60010,0x00000000ffa80000)
  to   space 2560K, 0% used [0x00000000ffa80000,0x00000000ffa80000,0x00000000ffd00000)
 ParOldGen       total 99328K, used 53617K [0x00000000e0000000, 0x00000000e6100000, 0x00000000f5580000)
  object space 99328K, 53% used [0x00000000e0000000,0x00000000e345c778,0x00000000e6100000)
 Metaspace       used 97098K, capacity 104834K, committed 105112K, reserved 1140736K
  class space    used 11482K, capacity 13944K, committed 14000K, reserved 1048576K
Event: 3966.025 GC heap after
Heap after GC invocations=129 (full 45):
 PSYoungGen      total 168448K, used 1672K [0x00000000f5580000, 0x0000000100000000, 0x0000000100000000)
  eden space 165888K, 0% used [0x00000000f5580000,0x00000000f5580000,0x00000000ff780000)
  from space 2560K, 65% used [0x00000000ffa80000,0x00000000ffc22038,0x00000000ffd00000)
  to   space 3072K, 0% used [0x00000000ff780000,0x00000000ff780000,0x00000000ffa80000)
 ParOldGen       total 99328K, used 53625K [0x00000000e0000000, 0x00000000e6100000, 0x00000000f5580000)
  object space 99328K, 53% used [0x00000000e0000000,0x00000000e345e778,0x00000000e6100000)
 Metaspace       used 97098K, capacity 104834K, committed 105112K, reserved 1140736K
  class space    used 11482K, capacity 13944K, committed 14000K, reserved 1048576K
}

