# JRE version: Java(TM) SE Runtime Environment (8.0_66-b18) (build 1.8.0_66-b18)
# Java VM: Java HotSpot(TM) 64-Bit Server VM (25.66-b18 mixed mode windows-amd64 compressed oops)
Heap:
 PSYoungGen      total 40448K, used 36990K [0x00000000f5580000, 0x00000000f8380000, 0x0000000100000000)
  eden space 34816K, 96% used [0x00000000f5580000,0x00000000f7661050,0x00000000f7780000)
  from space 5632K, 58% used [0x00000000f7e00000,0x00000000f813e9a0,0x00000000f8380000)
  to   space 6144K, 0% used [0x00000000f7780000,0x00000000f7780000,0x00000000f7d80000)
 ParOldGen       total 97280K, used 62253K [0x00000000e0000000, 0x00000000e5f00000, 0x00000000f5580000)
  object space 97280K, 63% used [0x00000000e0000000,0x00000000e3ccb6d8,0x00000000e5f00000)
 Metaspace       used 100259K, capacity 108144K, committed 108288K, reserved 1142784K
  class space    used 11636K, capacity 14068K, committed 14080K, reserved 1048576K
GC Heap History (10 events):
Event: 23767.082 GC heap before
{Heap before GC invocations=129 (full 31):
 PSYoungGen      total 39936K, used 39488K [0x00000000f5580000, 0x00000000f8800000, 0x0000000100000000)
  eden space 37376K, 100% used [0x00000000f5580000,0x00000000f7a00000,0x00000000f7a00000)
  from space 2560K, 82% used [0x00000000f7a80000,0x00000000f7c90010,0x00000000f7d00000)
  to   space 7168K, 0% used [0x00000000f8100000,0x00000000f8100000,0x00000000f8800000)
 ParOldGen       total 97280K, used 62085K [0x00000000e0000000, 0x00000000e5f00000, 0x00000000f5580000)
  object space 97280K, 63% used [0x00000000e0000000,0x00000000e3ca16d8,0x00000000e5f00000)
 Metaspace       used 99317K, capacity 107248K, committed 107392K, reserved 1142784K
  class space    used 11537K, capacity 13904K, committed 13952K, reserved 1048576K
Event: 23767.097 GC heap after
Heap after GC invocations=129 (full 31):
 PSYoungGen      total 43520K, used 2819K [0x00000000f5580000, 0x00000000f8780000, 0x0000000100000000)
  eden space 36864K, 0% used [0x00000000f5580000,0x00000000f5580000,0x00000000f7980000)
  from space 6656K, 42% used [0x00000000f8100000,0x00000000f83c0e50,0x00000000f8780000)
  to   space 7168K, 0% used [0x00000000f7980000,0x00000000f7980000,0x00000000f8080000)
 ParOldGen       total 97280K, used 62117K [0x00000000e0000000, 0x00000000e5f00000, 0x00000000f5580000)
  object space 97280K, 63% used [0x00000000e0000000,0x00000000e3ca96d8,0x00000000e5f00000)
 Metaspace       used 99317K, capacity 107248K, committed 107392K, reserved 1142784K
  class space    used 11537K, capacity 13904K, committed 13952K, reserved 1048576K
}
Event: 23812.959 GC heap before
{Heap before GC invocations=130 (full 31):
 PSYoungGen      total 43520K, used 39683K [0x00000000f5580000, 0x00000000f8780000, 0x0000000100000000)
  eden space 36864K, 100% used [0x00000000f5580000,0x00000000f7980000,0x00000000f7980000)
  from space 6656K, 42% used [0x00000000f8100000,0x00000000f83c0e50,0x00000000f8780000)
  to   space 7168K, 0% used [0x00000000f7980000,0x00000000f7980000,0x00000000f8080000)
 ParOldGen       total 97280K, used 62117K [0x00000000e0000000, 0x00000000e5f00000, 0x00000000f5580000)
  object space 97280K, 63% used [0x00000000e0000000,0x00000000e3ca96d8,0x00000000e5f00000)
 Metaspace       used 99353K, capacity 107248K, committed 107392K, reserved 1142784K
  class space    used 11537K, capacity 13904K, committed 13952K, reserved 1048576K
Event: 23812.969 GC heap after
Heap after GC invocations=130 (full 31):
 PSYoungGen      total 38912K, used 2327K [0x00000000f5580000, 0x00000000f8600000, 0x0000000100000000)
  eden space 36352K, 0% used [0x00000000f5580000,0x00000000f5580000,0x00000000f7900000)
  from space 2560K, 90% used [0x00000000f7980000,0x00000000f7bc5c80,0x00000000f7c00000)
  to   space 6656K, 0% used [0x00000000f7f80000,0x00000000f7f80000,0x00000000f8600000)
 ParOldGen       total 97280K, used 62157K [0x00000000e0000000, 0x00000000e5f00000, 0x00000000f5580000)
  object space 97280K, 63% used [0x00000000e0000000,0x00000000e3cb36d8,0x00000000e5f00000)
 Metaspace       used 99353K, capacity 107248K, committed 107392K, reserved 1142784K
  class space    used 11537K, capacity 13904K, committed 13952K, reserved 1048576K
}
Event: 23817.423 GC heap before
{Heap before GC invocations=131 (full 31):
 PSYoungGen      total 38912K, used 38679K [0x00000000f5580000, 0x00000000f8600000, 0x0000000100000000)
  eden space 36352K, 100% used [0x00000000f5580000,0x00000000f7900000,0x00000000f7900000)
  from space 2560K, 90% used [0x00000000f7980000,0x00000000f7bc5c80,0x00000000f7c00000)
  to   space 6656K, 0% used [0x00000000f7f80000,0x00000000f7f80000,0x00000000f8600000)
 ParOldGen       total 97280K, used 62157K [0x00000000e0000000, 0x00000000e5f00000, 0x00000000f5580000)
  object space 97280K, 63% used [0x00000000e0000000,0x00000000e3cb36d8,0x00000000e5f00000)
 Metaspace       used 99399K, capacity 107248K, committed 107392K, reserved 1142784K
  class space    used 11537K, capacity 13904K, committed 13952K, reserved 1048576K
Event: 23817.437 GC heap after
Heap after GC invocations=131 (full 31):
 PSYoungGen      total 41984K, used 2631K [0x00000000f5580000, 0x00000000f8580000, 0x0000000100000000)
  eden space 35840K, 0% used [0x00000000f5580000,0x00000000f5580000,0x00000000f7880000)
  from space 6144K, 42% used [0x00000000f7f80000,0x00000000f8211c70,0x00000000f8580000)
  to   space 6656K, 0% used [0x00000000f7880000,0x00000000f7880000,0x00000000f7f00000)
 ParOldGen       total 97280K, used 62189K [0x00000000e0000000, 0x00000000e5f00000, 0x00000000f5580000)
  object space 97280K, 63% used [0x00000000e0000000,0x00000000e3cbb6d8,0x00000000e5f00000)
 Metaspace       used 99399K, capacity 107248K, committed 107392K, reserved 1142784K
  class space    used 11537K, capacity 13904K, committed 13952K, reserved 1048576K
}
Event: 24318.933 GC heap before
{Heap before GC invocations=132 (full 31):
 PSYoungGen      total 41984K, used 38471K [0x00000000f5580000, 0x00000000f8580000, 0x0000000100000000)
  eden space 35840K, 100% used [0x00000000f5580000,0x00000000f7880000,0x00000000f7880000)
  from space 6144K, 42% used [0x00000000f7f80000,0x00000000f8211c70,0x00000000f8580000)
  to   space 6656K, 0% used [0x00000000f7880000,0x00000000f7880000,0x00000000f7f00000)
 ParOldGen       total 97280K, used 62189K [0x00000000e0000000, 0x00000000e5f00000, 0x00000000f5580000)
  object space 97280K, 63% used [0x00000000e0000000,0x00000000e3cbb6d8,0x00000000e5f00000)
 Metaspace       used 99408K, capacity 107248K, committed 107392K, reserved 1142784K
  class space    used 11537K, capacity 13904K, committed 13952K, reserved 1048576K
Event: 24319.037 GC heap after
Heap after GC invocations=132 (full 31):
 PSYoungGen      total 38400K, used 3063K [0x00000000f5580000, 0x00000000f8400000, 0x0000000100000000)
  eden space 35328K, 0% used [0x00000000f5580000,0x00000000f5580000,0x00000000f7800000)
  from space 3072K, 99% used [0x00000000f7880000,0x00000000f7b7dc80,0x00000000f7b80000)
  to   space 6144K, 0% used [0x00000000f7e00000,0x00000000f7e00000,0x00000000f8400000)
 ParOldGen       total 97280K, used 62221K [0x00000000e0000000, 0x00000000e5f00000, 0x00000000f5580000)
  object space 97280K, 63% used [0x00000000e0000000,0x00000000e3cc36d8,0x00000000e5f00000)
 Metaspace       used 99408K, capacity 107248K, committed 107392K, reserved 1142784K
  class space    used 11537K, capacity 13904K, committed 13952K, reserved 1048576K
}
Event: 24939.021 GC heap before
{Heap before GC invocations=133 (full 31):
 PSYoungGen      total 38400K, used 38391K [0x00000000f5580000, 0x00000000f8400000, 0x0000000100000000)
  eden space 35328K, 100% used [0x00000000f5580000,0x00000000f7800000,0x00000000f7800000)
  from space 3072K, 99% used [0x00000000f7880000,0x00000000f7b7dc80,0x00000000f7b80000)
  to   space 6144K, 0% used [0x00000000f7e00000,0x00000000f7e00000,0x00000000f8400000)
 ParOldGen       total 97280K, used 62221K [0x00000000e0000000, 0x00000000e5f00000, 0x00000000f5580000)
  object space 97280K, 63% used [0x00000000e0000000,0x00000000e3cc36d8,0x00000000e5f00000)
 Metaspace       used 99596K, capacity 107426K, committed 107648K, reserved 1142784K
  class space    used 11559K, capacity 13939K, committed 13952K, reserved 1048576K
Event: 24939.119 GC heap after
Heap after GC invocations=133 (full 31):
 PSYoungGen      total 40448K, used 3322K [0x00000000f5580000, 0x00000000f8380000, 0x0000000100000000)
  eden space 34816K, 0% used [0x00000000f5580000,0x00000000f5580000,0x00000000f7780000)
  from space 5632K, 58% used [0x00000000f7e00000,0x00000000f813e9a0,0x00000000f8380000)
  to   space 6144K, 0% used [0x00000000f7780000,0x00000000f7780000,0x00000000f7d80000)
 ParOldGen       total 97280K, used 62253K [0x00000000e0000000, 0x00000000e5f00000, 0x00000000f5580000)
  object space 97280K, 63% used [0x00000000e0000000,0x00000000e3ccb6d8,0x00000000e5f00000)
 Metaspace       used 99596K, capacity 107426K, committed 107648K, reserved 1142784K
  class space    used 11559K, capacity 13939K, committed 13952K, reserved 1048576K
}

