# JRE version: Java(TM) SE Runtime Environment (8.0_66-b18) (build 1.8.0_66-b18)
# Java VM: Java HotSpot(TM) 64-Bit Server VM (25.66-b18 mixed mode windows-amd64 compressed oops)
Heap:
 PSYoungGen      total 60928K, used 11277K [0x00000000f5580000, 0x00000000fa000000, 0x0000000100000000)
  eden space 46592K, 20% used [0x00000000f5580000,0x00000000f5eff620,0x00000000f8300000)
  from space 14336K, 10% used [0x00000000f9180000,0x00000000f9304020,0x00000000f9f80000)
  to   space 14848K, 0% used [0x00000000f8300000,0x00000000f8300000,0x00000000f9180000)
 ParOldGen       total 110080K, used 42594K [0x00000000e0000000, 0x00000000e6b80000, 0x00000000f5580000)
  object space 110080K, 38% used [0x00000000e0000000,0x00000000e2998aa8,0x00000000e6b80000)
 Metaspace       used 71404K, capacity 77738K, committed 77976K, reserved 1116160K
  class space    used 8603K, capacity 10631K, committed 10672K, reserved 1048576K
GC Heap History (10 events):
Event: 225.445 GC heap before
{Heap before GC invocations=23 (full 4):
 PSYoungGen      total 57856K, used 7292K [0x00000000f5580000, 0x00000000f9b80000, 0x0000000100000000)
  eden space 44032K, 0% used [0x00000000f5580000,0x00000000f5580000,0x00000000f8080000)
  from space 13824K, 52% used [0x00000000f8080000,0x00000000f879f3e0,0x00000000f8e00000)
  to   space 13824K, 0% used [0x00000000f8e00000,0x00000000f8e00000,0x00000000f9b80000)
 ParOldGen       total 110080K, used 36615K [0x00000000e0000000, 0x00000000e6b80000, 0x00000000f5580000)
  object space 110080K, 33% used [0x00000000e0000000,0x00000000e23c1fc0,0x00000000e6b80000)
 Metaspace       used 65746K, capacity 71732K, committed 71832K, reserved 1112064K
  class space    used 7963K, capacity 9874K, committed 9904K, reserved 1048576K
Event: 226.303 GC heap after
Heap after GC invocations=23 (full 4):
 PSYoungGen      total 57856K, used 0K [0x00000000f5580000, 0x00000000f9b80000, 0x0000000100000000)
  eden space 44032K, 0% used [0x00000000f5580000,0x00000000f5580000,0x00000000f8080000)
  from space 13824K, 0% used [0x00000000f8080000,0x00000000f8080000,0x00000000f8e00000)
  to   space 13824K, 0% used [0x00000000f8e00000,0x00000000f8e00000,0x00000000f9b80000)
 ParOldGen       total 110080K, used 40164K [0x00000000e0000000, 0x00000000e6b80000, 0x00000000f5580000)
  object space 110080K, 36% used [0x00000000e0000000,0x00000000e2739128,0x00000000e6b80000)
 Metaspace       used 65746K, capacity 71732K, committed 71832K, reserved 1112064K
  class space    used 7963K, capacity 9874K, committed 9904K, reserved 1048576K
}
Event: 288.969 GC heap before
{Heap before GC invocations=24 (full 4):
 PSYoungGen      total 57856K, used 44032K [0x00000000f5580000, 0x00000000f9b80000, 0x0000000100000000)
  eden space 44032K, 100% used [0x00000000f5580000,0x00000000f8080000,0x00000000f8080000)
  from space 13824K, 0% used [0x00000000f8080000,0x00000000f8080000,0x00000000f8e00000)
  to   space 13824K, 0% used [0x00000000f8e00000,0x00000000f8e00000,0x00000000f9b80000)
 ParOldGen       total 110080K, used 40164K [0x00000000e0000000, 0x00000000e6b80000, 0x00000000f5580000)
  object space 110080K, 36% used [0x00000000e0000000,0x00000000e2739128,0x00000000e6b80000)
 Metaspace       used 69428K, capacity 75600K, committed 75800K, reserved 1114112K
  class space    used 8467K, capacity 10433K, committed 10544K, reserved 1048576K
Event: 289.002 GC heap after
Heap after GC invocations=24 (full 4):
 PSYoungGen      total 57856K, used 5521K [0x00000000f5580000, 0x00000000f9e80000, 0x0000000100000000)
  eden space 44032K, 0% used [0x00000000f5580000,0x00000000f5580000,0x00000000f8080000)
  from space 13824K, 39% used [0x00000000f8e00000,0x00000000f9364658,0x00000000f9b80000)
  to   space 13824K, 0% used [0x00000000f8080000,0x00000000f8080000,0x00000000f8e00000)
 ParOldGen       total 110080K, used 40172K [0x00000000e0000000, 0x00000000e6b80000, 0x00000000f5580000)
  object space 110080K, 36% used [0x00000000e0000000,0x00000000e273b128,0x00000000e6b80000)
 Metaspace       used 69428K, capacity 75600K, committed 75800K, reserved 1114112K
  class space    used 8467K, capacity 10433K, committed 10544K, reserved 1048576K
}
Event: 320.702 GC heap before
{Heap before GC invocations=25 (full 4):
 PSYoungGen      total 57856K, used 16158K [0x00000000f5580000, 0x00000000f9e80000, 0x0000000100000000)
  eden space 44032K, 24% used [0x00000000f5580000,0x00000000f5fe35a0,0x00000000f8080000)
  from space 13824K, 39% used [0x00000000f8e00000,0x00000000f9364658,0x00000000f9b80000)
  to   space 13824K, 0% used [0x00000000f8080000,0x00000000f8080000,0x00000000f8e00000)
 ParOldGen       total 110080K, used 40172K [0x00000000e0000000, 0x00000000e6b80000, 0x00000000f5580000)
  object space 110080K, 36% used [0x00000000e0000000,0x00000000e273b128,0x00000000e6b80000)
 Metaspace       used 69702K, capacity 75984K, committed 76056K, reserved 1114112K
  class space    used 8488K, capacity 10497K, committed 10544K, reserved 1048576K
Event: 320.715 GC heap after
Heap after GC invocations=25 (full 4):
 PSYoungGen      total 57856K, used 2747K [0x00000000f5580000, 0x00000000f9f80000, 0x0000000100000000)
  eden space 44032K, 0% used [0x00000000f5580000,0x00000000f5580000,0x00000000f8080000)
  from space 13824K, 19% used [0x00000000f8080000,0x00000000f832eff8,0x00000000f8e00000)
  to   space 14336K, 0% used [0x00000000f9180000,0x00000000f9180000,0x00000000f9f80000)
 ParOldGen       total 110080K, used 40172K [0x00000000e0000000, 0x00000000e6b80000, 0x00000000f5580000)
  object space 110080K, 36% used [0x00000000e0000000,0x00000000e273b128,0x00000000e6b80000)
 Metaspace       used 69702K, capacity 75984K, committed 76056K, reserved 1114112K
  class space    used 8488K, capacity 10497K, committed 10544K, reserved 1048576K
}
Event: 320.716 GC heap before
{Heap before GC invocations=26 (full 5):
 PSYoungGen      total 57856K, used 2747K [0x00000000f5580000, 0x00000000f9f80000, 0x0000000100000000)
  eden space 44032K, 0% used [0x00000000f5580000,0x00000000f5580000,0x00000000f8080000)
  from space 13824K, 19% used [0x00000000f8080000,0x00000000f832eff8,0x00000000f8e00000)
  to   space 14336K, 0% used [0x00000000f9180000,0x00000000f9180000,0x00000000f9f80000)
 ParOldGen       total 110080K, used 40172K [0x00000000e0000000, 0x00000000e6b80000, 0x00000000f5580000)
  object space 110080K, 36% used [0x00000000e0000000,0x00000000e273b128,0x00000000e6b80000)
 Metaspace       used 69702K, capacity 75984K, committed 76056K, reserved 1114112K
  class space    used 8488K, capacity 10497K, committed 10544K, reserved 1048576K
Event: 321.485 GC heap after
Heap after GC invocations=26 (full 5):
 PSYoungGen      total 57856K, used 0K [0x00000000f5580000, 0x00000000f9f80000, 0x0000000100000000)
  eden space 44032K, 0% used [0x00000000f5580000,0x00000000f5580000,0x00000000f8080000)
  from space 13824K, 0% used [0x00000000f8080000,0x00000000f8080000,0x00000000f8e00000)
  to   space 14336K, 0% used [0x00000000f9180000,0x00000000f9180000,0x00000000f9f80000)
 ParOldGen       total 110080K, used 42586K [0x00000000e0000000, 0x00000000e6b80000, 0x00000000f5580000)
  object space 110080K, 38% used [0x00000000e0000000,0x00000000e2996aa8,0x00000000e6b80000)
 Metaspace       used 69702K, capacity 75984K, committed 76056K, reserved 1114112K
  class space    used 8488K, capacity 10497K, committed 10544K, reserved 1048576K
}
Event: 378.053 GC heap before
{Heap before GC invocations=27 (full 5):
 PSYoungGen      total 57856K, used 44032K [0x00000000f5580000, 0x00000000f9f80000, 0x0000000100000000)
  eden space 44032K, 100% used [0x00000000f5580000,0x00000000f8080000,0x00000000f8080000)
  from space 13824K, 0% used [0x00000000f8080000,0x00000000f8080000,0x00000000f8e00000)
  to   space 14336K, 0% used [0x00000000f9180000,0x00000000f9180000,0x00000000f9f80000)
 ParOldGen       total 110080K, used 42586K [0x00000000e0000000, 0x00000000e6b80000, 0x00000000f5580000)
  object space 110080K, 38% used [0x00000000e0000000,0x00000000e2996aa8,0x00000000e6b80000)
 Metaspace       used 70541K, capacity 76872K, committed 77080K, reserved 1116160K
  class space    used 8536K, capacity 10533K, committed 10544K, reserved 1048576K
Event: 378.068 GC heap after
Heap after GC invocations=27 (full 5):
 PSYoungGen      total 60928K, used 1552K [0x00000000f5580000, 0x00000000fa000000, 0x0000000100000000)
  eden space 46592K, 0% used [0x00000000f5580000,0x00000000f5580000,0x00000000f8300000)
  from space 14336K, 10% used [0x00000000f9180000,0x00000000f9304020,0x00000000f9f80000)
  to   space 14848K, 0% used [0x00000000f8300000,0x00000000f8300000,0x00000000f9180000)
 ParOldGen       total 110080K, used 42594K [0x00000000e0000000, 0x00000000e6b80000, 0x00000000f5580000)
  object space 110080K, 38% used [0x00000000e0000000,0x00000000e2998aa8,0x00000000e6b80000)
 Metaspace       used 70541K, capacity 76872K, committed 77080K, reserved 1116160K
  class space    used 8536K, capacity 10533K, committed 10544K, reserved 1048576K
}

