# JRE version: Java(TM) SE Runtime Environment (8.0_66-b18) (build 1.8.0_66-b18)
# Java VM: Java HotSpot(TM) 64-Bit Server VM (25.66-b18 mixed mode windows-amd64 compressed oops)
Heap:
 PSYoungGen      total 106496K, used 37056K [0x00000000f5580000, 0x00000000fbe80000, 0x0000000100000000)
  eden space 105472K, 35% used [0x00000000f5580000,0x00000000f79b0100,0x00000000fbc80000)
  from space 1024K, 0% used [0x00000000fbd80000,0x00000000fbd80000,0x00000000fbe80000)
  to   space 1024K, 0% used [0x00000000fbc80000,0x00000000fbc80000,0x00000000fbd80000)
 ParOldGen       total 98816K, used 54116K [0x00000000e0000000, 0x00000000e6080000, 0x00000000f5580000)
  object space 98816K, 54% used [0x00000000e0000000,0x00000000e34d92d8,0x00000000e6080000)
 Metaspace       used 92957K, capacity 99562K, committed 99608K, reserved 1136640K
  class space    used 10921K, capacity 13072K, committed 13104K, reserved 1048576K
GC Heap History (10 events):
Event: 41674.759 GC heap before
{Heap before GC invocations=661 (full 317):
 PSYoungGen      total 105984K, used 512K [0x00000000f5580000, 0x00000000fbe80000, 0x0000000100000000)
  eden space 105472K, 0% used [0x00000000f5580000,0x00000000f5580000,0x00000000fbc80000)
  from space 512K, 100% used [0x00000000fbd80000,0x00000000fbe00000,0x00000000fbe00000)
  to   space 1024K, 0% used [0x00000000fbc80000,0x00000000fbc80000,0x00000000fbd80000)
 ParOldGen       total 98816K, used 54140K [0x00000000e0000000, 0x00000000e6080000, 0x00000000f5580000)
  object space 98816K, 54% used [0x00000000e0000000,0x00000000e34df2e8,0x00000000e6080000)
 Metaspace       used 92353K, capacity 99022K, committed 99352K, reserved 1136640K
  class space    used 10861K, capacity 13003K, committed 13104K, reserved 1048576K
Event: 41675.155 GC heap after
Heap after GC invocations=661 (full 317):
 PSYoungGen      total 105984K, used 0K [0x00000000f5580000, 0x00000000fbe80000, 0x0000000100000000)
  eden space 105472K, 0% used [0x00000000f5580000,0x00000000f5580000,0x00000000fbc80000)
  from space 512K, 0% used [0x00000000fbd80000,0x00000000fbd80000,0x00000000fbe00000)
  to   space 1024K, 0% used [0x00000000fbc80000,0x00000000fbc80000,0x00000000fbd80000)
 ParOldGen       total 98816K, used 54321K [0x00000000e0000000, 0x00000000e6080000, 0x00000000f5580000)
  object space 98816K, 54% used [0x00000000e0000000,0x00000000e350c6e0,0x00000000e6080000)
 Metaspace       used 92353K, capacity 99022K, committed 99352K, reserved 1136640K
  class space    used 10861K, capacity 13003K, committed 13104K, reserved 1048576K
}
Event: 41734.698 GC heap before
{Heap before GC invocations=662 (full 317):
 PSYoungGen      total 105984K, used 2844K [0x00000000f5580000, 0x00000000fbe80000, 0x0000000100000000)
  eden space 105472K, 2% used [0x00000000f5580000,0x00000000f58470a8,0x00000000fbc80000)
  from space 512K, 0% used [0x00000000fbd80000,0x00000000fbd80000,0x00000000fbe00000)
  to   space 1024K, 0% used [0x00000000fbc80000,0x00000000fbc80000,0x00000000fbd80000)
 ParOldGen       total 98816K, used 54321K [0x00000000e0000000, 0x00000000e6080000, 0x00000000f5580000)
  object space 98816K, 54% used [0x00000000e0000000,0x00000000e350c6e0,0x00000000e6080000)
 Metaspace       used 92353K, capacity 99022K, committed 99352K, reserved 1136640K
  class space    used 10861K, capacity 13003K, committed 13104K, reserved 1048576K
Event: 41734.705 GC heap after
Heap after GC invocations=662 (full 317):
 PSYoungGen      total 106496K, used 128K [0x00000000f5580000, 0x00000000fbe80000, 0x0000000100000000)
  eden space 105472K, 0% used [0x00000000f5580000,0x00000000f5580000,0x00000000fbc80000)
  from space 1024K, 12% used [0x00000000fbc80000,0x00000000fbca0000,0x00000000fbd80000)
  to   space 1024K, 0% used [0x00000000fbd80000,0x00000000fbd80000,0x00000000fbe80000)
 ParOldGen       total 98816K, used 54321K [0x00000000e0000000, 0x00000000e6080000, 0x00000000f5580000)
  object space 98816K, 54% used [0x00000000e0000000,0x00000000e350c6e0,0x00000000e6080000)
 Metaspace       used 92353K, capacity 99022K, committed 99352K, reserved 1136640K
  class space    used 10861K, capacity 13003K, committed 13104K, reserved 1048576K
}
Event: 41734.705 GC heap before
{Heap before GC invocations=663 (full 318):
 PSYoungGen      total 106496K, used 128K [0x00000000f5580000, 0x00000000fbe80000, 0x0000000100000000)
  eden space 105472K, 0% used [0x00000000f5580000,0x00000000f5580000,0x00000000fbc80000)
  from space 1024K, 12% used [0x00000000fbc80000,0x00000000fbca0000,0x00000000fbd80000)
  to   space 1024K, 0% used [0x00000000fbd80000,0x00000000fbd80000,0x00000000fbe80000)
 ParOldGen       total 98816K, used 54321K [0x00000000e0000000, 0x00000000e6080000, 0x00000000f5580000)
  object space 98816K, 54% used [0x00000000e0000000,0x00000000e350c6e0,0x00000000e6080000)
 Metaspace       used 92353K, capacity 99022K, committed 99352K, reserved 1136640K
  class space    used 10861K, capacity 13003K, committed 13104K, reserved 1048576K
Event: 41735.067 GC heap after
Heap after GC invocations=663 (full 318):
 PSYoungGen      total 106496K, used 0K [0x00000000f5580000, 0x00000000fbe80000, 0x0000000100000000)
  eden space 105472K, 0% used [0x00000000f5580000,0x00000000f5580000,0x00000000fbc80000)
  from space 1024K, 0% used [0x00000000fbc80000,0x00000000fbc80000,0x00000000fbd80000)
  to   space 1024K, 0% used [0x00000000fbd80000,0x00000000fbd80000,0x00000000fbe80000)
 ParOldGen       total 98816K, used 54116K [0x00000000e0000000, 0x00000000e6080000, 0x00000000f5580000)
  object space 98816K, 54% used [0x00000000e0000000,0x00000000e34d92d8,0x00000000e6080000)
 Metaspace       used 92353K, capacity 99022K, committed 99352K, reserved 1136640K
  class space    used 10861K, capacity 13003K, committed 13104K, reserved 1048576K
}
Event: 41794.712 GC heap before
{Heap before GC invocations=664 (full 318):
 PSYoungGen      total 106496K, used 2834K [0x00000000f5580000, 0x00000000fbe80000, 0x0000000100000000)
  eden space 105472K, 2% used [0x00000000f5580000,0x00000000f58449c0,0x00000000fbc80000)
  from space 1024K, 0% used [0x00000000fbc80000,0x00000000fbc80000,0x00000000fbd80000)
  to   space 1024K, 0% used [0x00000000fbd80000,0x00000000fbd80000,0x00000000fbe80000)
 ParOldGen       total 98816K, used 54116K [0x00000000e0000000, 0x00000000e6080000, 0x00000000f5580000)
  object space 98816K, 54% used [0x00000000e0000000,0x00000000e34d92d8,0x00000000e6080000)
 Metaspace       used 92353K, capacity 99022K, committed 99352K, reserved 1136640K
  class space    used 10861K, capacity 13003K, committed 13104K, reserved 1048576K
Event: 41794.718 GC heap after
Heap after GC invocations=664 (full 318):
 PSYoungGen      total 106496K, used 128K [0x00000000f5580000, 0x00000000fbe80000, 0x0000000100000000)
  eden space 105472K, 0% used [0x00000000f5580000,0x00000000f5580000,0x00000000fbc80000)
  from space 1024K, 12% used [0x00000000fbd80000,0x00000000fbda0000,0x00000000fbe80000)
  to   space 1024K, 0% used [0x00000000fbc80000,0x00000000fbc80000,0x00000000fbd80000)
 ParOldGen       total 98816K, used 54116K [0x00000000e0000000, 0x00000000e6080000, 0x00000000f5580000)
  object space 98816K, 54% used [0x00000000e0000000,0x00000000e34d92d8,0x00000000e6080000)
 Metaspace       used 92353K, capacity 99022K, committed 99352K, reserved 1136640K
  class space    used 10861K, capacity 13003K, committed 13104K, reserved 1048576K
}
Event: 41794.718 GC heap before
{Heap before GC invocations=665 (full 319):
 PSYoungGen      total 106496K, used 128K [0x00000000f5580000, 0x00000000fbe80000, 0x0000000100000000)
  eden space 105472K, 0% used [0x00000000f5580000,0x00000000f5580000,0x00000000fbc80000)
  from space 1024K, 12% used [0x00000000fbd80000,0x00000000fbda0000,0x00000000fbe80000)
  to   space 1024K, 0% used [0x00000000fbc80000,0x00000000fbc80000,0x00000000fbd80000)
 ParOldGen       total 98816K, used 54116K [0x00000000e0000000, 0x00000000e6080000, 0x00000000f5580000)
  object space 98816K, 54% used [0x00000000e0000000,0x00000000e34d92d8,0x00000000e6080000)
 Metaspace       used 92353K, capacity 99022K, committed 99352K, reserved 1136640K
  class space    used 10861K, capacity 13003K, committed 13104K, reserved 1048576K
Event: 41795.056 GC heap after
Heap after GC invocations=665 (full 319):
 PSYoungGen      total 106496K, used 0K [0x00000000f5580000, 0x00000000fbe80000, 0x0000000100000000)
  eden space 105472K, 0% used [0x00000000f5580000,0x00000000f5580000,0x00000000fbc80000)
  from space 1024K, 0% used [0x00000000fbd80000,0x00000000fbd80000,0x00000000fbe80000)
  to   space 1024K, 0% used [0x00000000fbc80000,0x00000000fbc80000,0x00000000fbd80000)
 ParOldGen       total 98816K, used 54116K [0x00000000e0000000, 0x00000000e6080000, 0x00000000f5580000)
  object space 98816K, 54% used [0x00000000e0000000,0x00000000e34d92d8,0x00000000e6080000)
 Metaspace       used 92353K, capacity 99022K, committed 99352K, reserved 1136640K
  class space    used 10861K, capacity 13003K, committed 13104K, reserved 1048576K
}

