# JRE version: Java(TM) SE Runtime Environment (8.0_66-b18) (build 1.8.0_66-b18)
# Java VM: Java HotSpot(TM) 64-Bit Server VM (25.66-b18 mixed mode windows-amd64 compressed oops)
Heap:
 PSYoungGen      total 48640K, used 32883K [0x00000007bc400000, 0x00000007c0000000, 0x00000007c0000000)
  eden space 35840K, 56% used [0x00000007bc400000,0x00000007bd7a3048,0x00000007be700000)
  from space 12800K, 99% used [0x00000007be700000,0x00000007bf379f88,0x00000007bf380000)
  to   space 12800K, 0% used [0x00000007bf380000,0x00000007bf380000,0x00000007c0000000)
 ParOldGen       total 176128K, used 85514K [0x0000000700000000, 0x000000070ac00000, 0x00000007bc400000)
  object space 176128K, 48% used [0x0000000700000000,0x0000000705382bb0,0x000000070ac00000)
 Metaspace       used 66684K, capacity 67024K, committed 67584K, reserved 1107968K
  class space    used 9546K, capacity 9632K, committed 9728K, reserved 1048576K
GC Heap History (10 events):
Event: 2659.603 GC heap before
{Heap before GC invocations=264 (full 11):
 PSYoungGen      total 56832K, used 3104K [0x00000007bc400000, 0x00000007c0000000, 0x00000007c0000000)
  eden space 53248K, 0% used [0x00000007bc400000,0x00000007bc400000,0x00000007bf800000)
  from space 3584K, 86% used [0x00000007bf800000,0x00000007bfb08000,0x00000007bfb80000)
  to   space 4608K, 0% used [0x00000007bfb80000,0x00000007bfb80000,0x00000007c0000000)
 ParOldGen       total 176128K, used 70231K [0x0000000700000000, 0x000000070ac00000, 0x00000007bc400000)
  object space 176128K, 39% used [0x0000000700000000,0x0000000704495f08,0x000000070ac00000)
 Metaspace       used 59914K, capacity 60292K, committed 60800K, reserved 1101824K
  class space    used 8419K, capacity 8542K, committed 8576K, reserved 1048576K
Event: 2659.704 GC heap after
Heap after GC invocations=264 (full 11):
 PSYoungGen      total 56832K, used 0K [0x00000007bc400000, 0x00000007c0000000, 0x00000007c0000000)
  eden space 53248K, 0% used [0x00000007bc400000,0x00000007bc400000,0x00000007bf800000)
  from space 3584K, 0% used [0x00000007bf800000,0x00000007bf800000,0x00000007bfb80000)
  to   space 4608K, 0% used [0x00000007bfb80000,0x00000007bfb80000,0x00000007c0000000)
 ParOldGen       total 176128K, used 73134K [0x0000000700000000, 0x000000070ac00000, 0x00000007bc400000)
  object space 176128K, 41% used [0x0000000700000000,0x000000070476ba50,0x000000070ac00000)
 Metaspace       used 59914K, capacity 60292K, committed 60800K, reserved 1101824K
  class space    used 8419K, capacity 8542K, committed 8576K, reserved 1048576K
}
Event: 2660.172 GC heap before
{Heap before GC invocations=265 (full 11):
 PSYoungGen      total 56832K, used 53248K [0x00000007bc400000, 0x00000007c0000000, 0x00000007c0000000)
  eden space 53248K, 100% used [0x00000007bc400000,0x00000007bf800000,0x00000007bf800000)
  from space 3584K, 0% used [0x00000007bf800000,0x00000007bf800000,0x00000007bfb80000)
  to   space 4608K, 0% used [0x00000007bfb80000,0x00000007bfb80000,0x00000007c0000000)
 ParOldGen       total 176128K, used 73134K [0x0000000700000000, 0x000000070ac00000, 0x00000007bc400000)
  object space 176128K, 41% used [0x0000000700000000,0x000000070476ba50,0x000000070ac00000)
 Metaspace       used 62523K, capacity 62948K, committed 63488K, reserved 1103872K
  class space    used 8594K, capacity 8702K, committed 8704K, reserved 1048576K
Event: 2660.179 GC heap after
Heap after GC invocations=265 (full 11):
 PSYoungGen      total 50688K, used 4596K [0x00000007bc400000, 0x00000007c0000000, 0x00000007c0000000)
  eden space 46080K, 0% used [0x00000007bc400000,0x00000007bc400000,0x00000007bf100000)
  from space 4608K, 99% used [0x00000007bfb80000,0x00000007bfffd2e8,0x00000007c0000000)
  to   space 7680K, 0% used [0x00000007bf100000,0x00000007bf100000,0x00000007bf880000)
 ParOldGen       total 176128K, used 78602K [0x0000000700000000, 0x000000070ac00000, 0x00000007bc400000)
  object space 176128K, 44% used [0x0000000700000000,0x0000000704cc2830,0x000000070ac00000)
 Metaspace       used 62523K, capacity 62948K, committed 63488K, reserved 1103872K
  class space    used 8594K, capacity 8702K, committed 8704K, reserved 1048576K
}
Event: 2660.293 GC heap before
{Heap before GC invocations=266 (full 11):
 PSYoungGen      total 50688K, used 50676K [0x00000007bc400000, 0x00000007c0000000, 0x00000007c0000000)
  eden space 46080K, 100% used [0x00000007bc400000,0x00000007bf100000,0x00000007bf100000)
  from space 4608K, 99% used [0x00000007bfb80000,0x00000007bfffd2e8,0x00000007c0000000)
  to   space 7680K, 0% used [0x00000007bf100000,0x00000007bf100000,0x00000007bf880000)
 ParOldGen       total 176128K, used 78602K [0x0000000700000000, 0x000000070ac00000, 0x00000007bc400000)
  object space 176128K, 44% used [0x0000000700000000,0x0000000704cc2830,0x000000070ac00000)
 Metaspace       used 62698K, capacity 63076K, committed 63488K, reserved 1103872K
  class space    used 8604K, capacity 8702K, committed 8704K, reserved 1048576K
Event: 2660.300 GC heap after
Heap after GC invocations=266 (full 11):
 PSYoungGen      total 53760K, used 7668K [0x00000007bc400000, 0x00000007c0000000, 0x00000007c0000000)
  eden space 46080K, 0% used [0x00000007bc400000,0x00000007bc400000,0x00000007bf100000)
  from space 7680K, 99% used [0x00000007bf100000,0x00000007bf87d2e8,0x00000007bf880000)
  to   space 7680K, 0% used [0x00000007bf880000,0x00000007bf880000,0x00000007c0000000)
 ParOldGen       total 176128K, used 80925K [0x0000000700000000, 0x000000070ac00000, 0x00000007bc400000)
  object space 176128K, 45% used [0x0000000700000000,0x0000000704f074e0,0x000000070ac00000)
 Metaspace       used 62698K, capacity 63076K, committed 63488K, reserved 1103872K
  class space    used 8604K, capacity 8702K, committed 8704K, reserved 1048576K
}
Event: 2660.395 GC heap before
{Heap before GC invocations=267 (full 11):
 PSYoungGen      total 53760K, used 53748K [0x00000007bc400000, 0x00000007c0000000, 0x00000007c0000000)
  eden space 46080K, 100% used [0x00000007bc400000,0x00000007bf100000,0x00000007bf100000)
  from space 7680K, 99% used [0x00000007bf100000,0x00000007bf87d2e8,0x00000007bf880000)
  to   space 7680K, 0% used [0x00000007bf880000,0x00000007bf880000,0x00000007c0000000)
 ParOldGen       total 176128K, used 80925K [0x0000000700000000, 0x000000070ac00000, 0x00000007bc400000)
  object space 176128K, 45% used [0x0000000700000000,0x0000000704f074e0,0x000000070ac00000)
 Metaspace       used 62699K, capacity 63076K, committed 63488K, reserved 1103872K
  class space    used 8604K, capacity 8702K, committed 8704K, reserved 1048576K
Event: 2660.435 GC heap after
Heap after GC invocations=267 (full 11):
 PSYoungGen      total 43520K, used 7668K [0x00000007bc400000, 0x00000007c0000000, 0x00000007c0000000)
  eden space 35840K, 0% used [0x00000007bc400000,0x00000007bc400000,0x00000007be700000)
  from space 7680K, 99% used [0x00000007bf880000,0x00000007bfffd2e8,0x00000007c0000000)
  to   space 12800K, 0% used [0x00000007be700000,0x00000007be700000,0x00000007bf380000)
 ParOldGen       total 176128K, used 85354K [0x0000000700000000, 0x000000070ac00000, 0x00000007bc400000)
  object space 176128K, 48% used [0x0000000700000000,0x000000070535a8f8,0x000000070ac00000)
 Metaspace       used 62699K, capacity 63076K, committed 63488K, reserved 1103872K
  class space    used 8604K, capacity 8702K, committed 8704K, reserved 1048576K
}
Event: 2661.152 GC heap before
{Heap before GC invocations=268 (full 11):
 PSYoungGen      total 43520K, used 43508K [0x00000007bc400000, 0x00000007c0000000, 0x00000007c0000000)
  eden space 35840K, 100% used [0x00000007bc400000,0x00000007be700000,0x00000007be700000)
  from space 7680K, 99% used [0x00000007bf880000,0x00000007bfffd2e8,0x00000007c0000000)
  to   space 12800K, 0% used [0x00000007be700000,0x00000007be700000,0x00000007bf380000)
 ParOldGen       total 176128K, used 85354K [0x0000000700000000, 0x000000070ac00000, 0x00000007bc400000)
  object space 176128K, 48% used [0x0000000700000000,0x000000070535a8f8,0x000000070ac00000)
 Metaspace       used 65146K, capacity 65488K, committed 65920K, reserved 1105920K
  class space    used 9220K, capacity 9312K, committed 9344K, reserved 1048576K
Event: 2661.160 GC heap after
Heap after GC invocations=268 (full 11):
 PSYoungGen      total 48640K, used 12775K [0x00000007bc400000, 0x00000007c0000000, 0x00000007c0000000)
  eden space 35840K, 0% used [0x00000007bc400000,0x00000007bc400000,0x00000007be700000)
  from space 12800K, 99% used [0x00000007be700000,0x00000007bf379f88,0x00000007bf380000)
  to   space 12800K, 0% used [0x00000007bf380000,0x00000007bf380000,0x00000007c0000000)
 ParOldGen       total 176128K, used 85514K [0x0000000700000000, 0x000000070ac00000, 0x00000007bc400000)
  object space 176128K, 48% used [0x0000000700000000,0x0000000705382bb0,0x000000070ac00000)
 Metaspace       used 65146K, capacity 65488K, committed 65920K, reserved 1105920K
  class space    used 9220K, capacity 9312K, committed 9344K, reserved 1048576K
}

